This is TeXk, Version 3.14159265 (TeX Live 2020/Debian) (preloaded format=tex 2021.7.15)  16 JUL 2021 12:00
 Source specials enabled.
**caratula.tex
(./caratula.tex
! Undefined control sequence.
l.40 \begin
           {titlepage}
The control sequence at the end of the top line
of your error message was never \def'ed. If you have
misspelled it (e.g., `\hobx'), type `I' and the correct
spelling (e.g., `I\hbox'). Otherwise just continue,
and I'll forget about whatever was undefined.

! Undefined control sequence.
l.41 \begin
           {center}
The control sequence at the end of the top line
of your error message was never \def'ed. If you have
misspelled it (e.g., `\hobx'), type `I' and the correct
spelling (e.g., `I\hbox'). Otherwise just continue,
and I'll forget about whatever was undefined.

! Undefined control sequence.
l.42 \vspace
            *{-1.5in}
The control sequence at the end of the top line
of your error message was never \def'ed. If you have
misspelled it (e.g., `\hobx'), type `I' and the correct
spelling (e.g., `I\hbox'). Otherwise just continue,
and I'll forget about whatever was undefined.

! Undefined control sequence.
l.44 \begin
           {figure}[htb]
The control sequence at the end of the top line
of your error message was never \def'ed. If you have
misspelled it (e.g., `\hobx'), type `I' and the correct
spelling (e.g., `I\hbox'). Otherwise just continue,
and I'll forget about whatever was undefined.

! Undefined control sequence.
l.45 \begin
           {center}
The control sequence at the end of the top line
of your error message was never \def'ed. If you have
misspelled it (e.g., `\hobx'), type `I' and the correct
spelling (e.g., `I\hbox'). Otherwise just continue,
and I'll forget about whatever was undefined.

! Undefined control sequence.
l.46 \includegraphics
                     [width=5cm]{/home/usuario/Escritorio/phD/escritura/fig/...
The control sequence at the end of the top line
of your error message was never \def'ed. If you have
misspelled it (e.g., `\hobx'), type `I' and the correct
spelling (e.g., `I\hbox'). Otherwise just continue,
and I'll forget about whatever was undefined.

! Undefined control sequence.
l.47 \hspace
            {3cm}
The control sequence at the end of the top line
of your error message was never \def'ed. If you have
misspelled it (e.g., `\hobx'), type `I' and the correct
spelling (e.g., `I\hbox'). Otherwise just continue,
and I'll forget about whatever was undefined.

! Undefined control sequence.
l.48 \includegraphics
                     [width=5cm]{/home/usuario/Escritorio/phD/escritura/fig/...
The control sequence at the end of the top line
of your error message was never \def'ed. If you have
misspelled it (e.g., `\hobx'), type `I' and the correct
spelling (e.g., `I\hbox'). Otherwise just continue,
and I'll forget about whatever was undefined.


Overfull \hbox (221.57977pt too wide) in paragraph at lines 44--49
[][]\tenrm figure[htb] cen-ter [width=5cm]/home/usuario/Escritorio/phD/escritur
a/fig/unc.eps 3cm [width=5cm]/home/usuario/Escritorio/phD/escritura/fig/fcq.eps
 |

\hbox(7.5+2.5)x469.75499, glue set - 1.0
.\hbox(0.0+0.0)x20.0
.\special{src:44 caratula.tex}
.\tenrm ^^L (ligature fi)
.\tenrm g
.\tenrm u
.etc.

[1] )
Output written on caratula.dvi (1 page, 452 bytes).
