This is pdfTeX, Version 3.14159265-2.6-1.40.21 (TeX Live 2020/Debian) (preloaded format=pdflatex 2021.7.21)  18 AUG 2021 15:47
entering extended mode
 restricted \write18 enabled.
 %&-line parsing enabled.
**main.tex
(./main.tex
LaTeX2e <2020-02-02> patch level 5
L3 programming layer <2020-07-17>
(/usr/share/texlive/texmf-dist/tex/latex/base/book.cls
Document Class: book 2019/12/20 v1.4l Standard LaTeX document class
(/usr/share/texlive/texmf-dist/tex/latex/base/bk12.clo
File: bk12.clo 2019/12/20 v1.4l Standard LaTeX file (size option)
)
\c@part=\count168
\c@chapter=\count169
\c@section=\count170
\c@subsection=\count171
\c@subsubsection=\count172
\c@paragraph=\count173
\c@subparagraph=\count174
\c@figure=\count175
\c@table=\count176
\abovecaptionskip=\skip47
\belowcaptionskip=\skip48
\bibindent=\dimen134
)
(/usr/share/texlive/texmf-dist/tex/latex/base/inputenc.sty
Package: inputenc 2018/08/11 v1.3c Input encoding file
\inpenc@prehook=\toks15
\inpenc@posthook=\toks16
)
(/usr/share/texlive/texmf-dist/tex/generic/babel/babel.sty
Package: babel 2020/07/13 3.47 The Babel package

(/usr/share/texlive/texmf-dist/tex/generic/babel/babel.def
File: babel.def 2020/07/13 3.47 Babel common definitions
\babel@savecnt=\count177
\U@D=\dimen135
\l@babelnohyphens=\language86

(/usr/share/texlive/texmf-dist/tex/generic/babel/txtbabel.def)
\bbl@readstream=\read2
)
\bbl@dirlevel=\count178

(/usr/share/texlive/texmf-dist/tex/generic/babel-spanish/spanish.ldf
Language: spanish.ldf 2016/03/03 v5.0p Spanish support from the babel system
\es@quottoks=\toks17
\es@quotdepth=\count179
Package babel Info: Making " an active character on input line 561.
Package babel Info: Making . an active character on input line 662.
Package babel Info: Making < an active character on input line 707.
Package babel Info: Making > an active character on input line 707.
))
(/usr/share/texlive/texmf-dist/tex/latex/geometry/geometry.sty
Package: geometry 2020/01/02 v5.9 Page Geometry

(/usr/share/texlive/texmf-dist/tex/latex/graphics/keyval.sty
Package: keyval 2014/10/28 v1.15 key=value parser (DPC)
\KV@toks@=\toks18
)
(/usr/share/texlive/texmf-dist/tex/generic/iftex/ifvtex.sty
Package: ifvtex 2019/10/25 v1.7 ifvtex legacy package. Use iftex instead.

(/usr/share/texlive/texmf-dist/tex/generic/iftex/iftex.sty
Package: iftex 2020/03/06 v1.0d TeX engine tests
))
\Gm@cnth=\count180
\Gm@cntv=\count181
\c@Gm@tempcnt=\count182
\Gm@bindingoffset=\dimen136
\Gm@wd@mp=\dimen137
\Gm@odd@mp=\dimen138
\Gm@even@mp=\dimen139
\Gm@layoutwidth=\dimen140
\Gm@layoutheight=\dimen141
\Gm@layouthoffset=\dimen142
\Gm@layoutvoffset=\dimen143
\Gm@dimlist=\toks19
)
(/usr/share/texlive/texmf-dist/tex/latex/natbib/natbib.sty
Package: natbib 2010/09/13 8.31b (PWD, AO)
\bibhang=\skip49
\bibsep=\skip50
LaTeX Info: Redefining \cite on input line 694.
\c@NAT@ctr=\count183
)
(/usr/share/texlive/texmf-dist/tex/latex/cite/chapterbib.sty
\c@inputfile=\count184
Package: chapterbib 2010/09/18  v 1.17
)
(/usr/share/texlive/texmf-dist/tex/latex/graphics/graphicx.sty
Package: graphicx 2019/11/30 v1.2a Enhanced LaTeX Graphics (DPC,SPQR)

(/usr/share/texlive/texmf-dist/tex/latex/graphics/graphics.sty
Package: graphics 2019/11/30 v1.4a Standard LaTeX Graphics (DPC,SPQR)

(/usr/share/texlive/texmf-dist/tex/latex/graphics/trig.sty
Package: trig 2016/01/03 v1.10 sin cos tan (DPC)
)
(/usr/share/texlive/texmf-dist/tex/latex/graphics-cfg/graphics.cfg
File: graphics.cfg 2016/06/04 v1.11 sample graphics configuration
)
Package graphics Info: Driver file: pdftex.def on input line 105.

(/usr/share/texlive/texmf-dist/tex/latex/graphics-def/pdftex.def
File: pdftex.def 2018/01/08 v1.0l Graphics/color driver for pdftex
))
\Gin@req@height=\dimen144
\Gin@req@width=\dimen145
)
(/usr/share/texlive/texmf-dist/tex/latex/tools/tabularx.sty
Package: tabularx 2020/01/15 v2.11c `tabularx' package (DPC)

(/usr/share/texlive/texmf-dist/tex/latex/tools/array.sty
Package: array 2019/08/31 v2.4l Tabular extension package (FMi)
\col@sep=\dimen146
\ar@mcellbox=\box45
\extrarowheight=\dimen147
\NC@list=\toks20
\extratabsurround=\skip51
\backup@length=\skip52
\ar@cellbox=\box46
)
\TX@col@width=\dimen148
\TX@old@table=\dimen149
\TX@old@col=\dimen150
\TX@target=\dimen151
\TX@delta=\dimen152
\TX@cols=\count185
\TX@ftn=\toks21
)
(/usr/share/texlive/texmf-dist/tex/latex/subfig/subfig.sty
Package: subfig 2005/06/28 ver: 1.3 subfig package

(/usr/share/texlive/texmf-dist/tex/latex/caption/caption.sty
Package: caption 2020/05/30 v3.4k Customizing captions (AR)

(/usr/share/texlive/texmf-dist/tex/latex/caption/caption3.sty
Package: caption3 2020/07/20 v1.12b caption3 kernel (AR)
Package caption3 Info: TeX engine: e-TeX on input line 61.
\captionmargin=\dimen153
\captionmargin@=\dimen154
\captionwidth=\dimen155
\caption@tempdima=\dimen156
\caption@indent=\dimen157
\caption@parindent=\dimen158
\caption@hangindent=\dimen159
Package caption Info: Standard document class detected.
)
\c@caption@flags=\count186
\c@continuedfloat=\count187
)
\c@KVtest=\count188
\sf@farskip=\skip53
\sf@captopadj=\dimen160
\sf@capskip=\skip54
\sf@nearskip=\skip55
\c@subfigure=\count189
\c@subfigure@save=\count190
\c@lofdepth=\count191
\c@subtable=\count192
\c@subtable@save=\count193
\c@lotdepth=\count194
\sf@top=\skip56
\sf@bottom=\skip57
)
(/usr/share/texlive/texmf-dist/tex/latex/mhchem/mhchem.sty
Package: mhchem 2018/06/22 v4.08 for typesetting chemical formulae

(/usr/share/texlive/texmf-dist/tex/latex/l3kernel/expl3.sty
Package: expl3 2020-07-17 L3 programming layer (loader) 

(/usr/share/texlive/texmf-dist/tex/latex/l3backend/l3backend-pdfmode.def
File: l3backend-pdfmode.def 2020-06-29 L3 backend support: PDF mode
\l__kernel_color_stack_int=\count195
\l__pdf_internal_box=\box47
))
(/usr/share/texlive/texmf-dist/tex/latex/l3packages/l3keys2e/l3keys2e.sty
Package: l3keys2e 2020-05-15 LaTeX2e option processing using LaTeX3 keys
)
(/usr/share/texlive/texmf-dist/tex/latex/tools/calc.sty
Package: calc 2017/05/25 v4.3 Infix arithmetic (KKT,FJ)
\calc@Acount=\count196
\calc@Bcount=\count197
\calc@Adimen=\dimen161
\calc@Bdimen=\dimen162
\calc@Askip=\skip58
\calc@Bskip=\skip59
LaTeX Info: Redefining \setlength on input line 80.
LaTeX Info: Redefining \addtolength on input line 81.
\calc@Ccount=\count198
\calc@Cskip=\skip60
)
(/usr/share/texlive/texmf-dist/tex/latex/amsmath/amsmath.sty
Package: amsmath 2020/01/20 v2.17e AMS math features
\@mathmargin=\skip61

For additional information on amsmath, use the `?' option.
(/usr/share/texlive/texmf-dist/tex/latex/amsmath/amstext.sty
Package: amstext 2000/06/29 v2.01 AMS text

(/usr/share/texlive/texmf-dist/tex/latex/amsmath/amsgen.sty
File: amsgen.sty 1999/11/30 v2.0 generic functions
\@emptytoks=\toks22
\ex@=\dimen163
))
(/usr/share/texlive/texmf-dist/tex/latex/amsmath/amsbsy.sty
Package: amsbsy 1999/11/29 v1.2d Bold Symbols
\pmbraise@=\dimen164
)
(/usr/share/texlive/texmf-dist/tex/latex/amsmath/amsopn.sty
Package: amsopn 2016/03/08 v2.02 operator names
)
\inf@bad=\count199
LaTeX Info: Redefining \frac on input line 227.
\uproot@=\count266
\leftroot@=\count267
LaTeX Info: Redefining \overline on input line 389.
\classnum@=\count268
\DOTSCASE@=\count269
LaTeX Info: Redefining \ldots on input line 486.
LaTeX Info: Redefining \dots on input line 489.
LaTeX Info: Redefining \cdots on input line 610.
\Mathstrutbox@=\box48
\strutbox@=\box49
\big@size=\dimen165
LaTeX Font Info:    Redeclaring font encoding OML on input line 733.
LaTeX Font Info:    Redeclaring font encoding OMS on input line 734.
\macc@depth=\count270
\c@MaxMatrixCols=\count271
\dotsspace@=\muskip16
\c@parentequation=\count272
\dspbrk@lvl=\count273
\tag@help=\toks23
\row@=\count274
\column@=\count275
\maxfields@=\count276
\andhelp@=\toks24
\eqnshift@=\dimen166
\alignsep@=\dimen167
\tagshift@=\dimen168
\tagwidth@=\dimen169
\totwidth@=\dimen170
\lineht@=\dimen171
\@envbody=\toks25
\multlinegap=\skip62
\multlinetaggap=\skip63
\mathdisplay@stack=\toks26
LaTeX Info: Redefining \[ on input line 2859.
LaTeX Info: Redefining \] on input line 2860.
)
(/usr/share/texlive/texmf-dist/tex/latex/chemgreek/chemgreek.sty
(/usr/share/texlive/texmf-dist/tex/latex/l3packages/xparse/xparse.sty
Package: xparse 2020-05-15 L3 Experimental document command parser

(/usr/share/texlive/texmf-dist/tex/latex/l3packages/xparse/xparse-generic.tex
\l__xparse_current_arg_int=\count277
\g__xparse_grabber_int=\count278
\l__xparse_m_args_int=\count279
\l__xparse_v_nesting_int=\count280
))
Package: chemgreek 2020/01/16 v1.1a interface for upright Greek letters for use
 in chemistry (CN)
\l__chemgreek_tmpa_int=\count281
\g__chemgreek_tmpa_int=\count282
)
\l__mhchem_ce_distanceFromLastComma_int=\count283
\__mhchem_arrow_extPgfLength_skip=\skip64
\mhchem@minispace@tmp=\skip65
\mhchem@minibackspace@tmp=\skip66
\mhchem@bondwidth=\skip67
\mhchem@bondheight=\skip68
\mhchem@smallbondwidth@tmpA=\skip69
\mhchem@smallbondwidth@tmpB=\skip70
\mhchem@smallbondwidth=\skip71
\mhchem@bondtmp@minussidebearingleft=\skip72
\mhchem@bondtmp@minussidebearingright=\skip73
\l__mhchem_option_version_int=\count284
\mhchem@option@minusmathsidebearingleft=\dimen172
\mhchem@option@minusmathsidebearingright=\dimen173
\mhchem@option@minustextsidebearingleft=\dimen174
\mhchem@option@minustextsidebearingright=\dimen175
) (/usr/share/texlive/texmf-dist/tex/latex/xcolor/xcolor.sty
Package: xcolor 2016/05/11 v2.12 LaTeX color extensions (UK)

(/usr/share/texlive/texmf-dist/tex/latex/graphics-cfg/color.cfg
File: color.cfg 2016/01/02 v1.6 sample color configuration
)
Package xcolor Info: Driver file: pdftex.def on input line 225.
Package xcolor Info: Model `cmy' substituted by `cmy0' on input line 1348.
Package xcolor Info: Model `hsb' substituted by `rgb' on input line 1352.
Package xcolor Info: Model `RGB' extended on input line 1364.
Package xcolor Info: Model `HTML' substituted by `rgb' on input line 1366.
Package xcolor Info: Model `Hsb' substituted by `hsb' on input line 1367.
Package xcolor Info: Model `tHsb' substituted by `hsb' on input line 1368.
Package xcolor Info: Model `HSB' substituted by `hsb' on input line 1369.
Package xcolor Info: Model `Gray' substituted by `gray' on input line 1370.
Package xcolor Info: Model `wave' substituted by `hsb' on input line 1371.
)
(/usr/share/texlive/texmf-dist/tex/latex/wrapfig/wrapfig.sty
\wrapoverhang=\dimen176
\WF@size=\dimen177
\c@WF@wrappedlines=\count285
\WF@box=\box50
\WF@everypar=\toks27
Package: wrapfig 2003/01/31  v 3.6
)
(/usr/share/texlive/texmf-dist/tex/latex/amsfonts/amssymb.sty
Package: amssymb 2013/01/14 v3.01 AMS font symbols

(/usr/share/texlive/texmf-dist/tex/latex/amsfonts/amsfonts.sty
Package: amsfonts 2013/01/14 v3.01 Basic AMSFonts support
\symAMSa=\mathgroup4
\symAMSb=\mathgroup5
LaTeX Font Info:    Redeclaring math symbol \hbar on input line 98.
LaTeX Font Info:    Overwriting math alphabet `\mathfrak' in version `bold'
(Font)                  U/euf/m/n --> U/euf/b/n on input line 106.
))
(/usr/share/texlive/texmf-dist/tex/latex/tools/longtable.sty
Package: longtable 2020/01/07 v4.13 Multi-page Table package (DPC)
\LTleft=\skip74
\LTright=\skip75
\LTpre=\skip76
\LTpost=\skip77
\LTchunksize=\count286
\LTcapwidth=\dimen178
\LT@head=\box51
\LT@firsthead=\box52
\LT@foot=\box53
\LT@lastfoot=\box54
\LT@cols=\count287
\LT@rows=\count288
\c@LT@tables=\count289
\c@LT@chunks=\count290
\LT@p@ftn=\toks28
)
(/usr/share/texlive/texmf-dist/tex/latex/graphics/epsfig.sty
Package: epsfig 2017/06/25 v1.7b (e)psfig emulation (SPQR)
\epsfxsize=\dimen179
\epsfysize=\dimen180
)
(/usr/share/texlive/texmf-dist/tex/latex/colortbl/colortbl.sty
Package: colortbl 2020/01/04 v1.0e Color table columns (DPC)
\everycr=\toks29
\minrowclearance=\skip78
)
(/usr/share/texlive/texmf-dist/tex/latex/tools/bm.sty
Package: bm 2019/07/24 v1.2d Bold Symbol Support (DPC/FMi)
\symboldoperators=\mathgroup6
\symboldletters=\mathgroup7
\symboldsymbols=\mathgroup8
LaTeX Font Info:    Redeclaring math alphabet \mathbf on input line 141.
LaTeX Info: Redefining \bm on input line 209.
)
(/usr/share/texlive/texmf-dist/tex/latex/fancyhdr/fancyhdr.sty
Package: fancyhdr 2019/01/31 v3.10 Extensive control of page headers and footer
s
\f@nch@headwidth=\skip79
\f@nch@O@elh=\skip80
\f@nch@O@erh=\skip81
\f@nch@O@olh=\skip82
\f@nch@O@orh=\skip83
\f@nch@O@elf=\skip84
\f@nch@O@erf=\skip85
\f@nch@O@olf=\skip86
\f@nch@O@orf=\skip87
) (./main.aux
LaTeX Info: Redefining \. on input line 8.
LaTeX Info: Redefining \% on input line 8.
)
\openout1 = `main.aux'.

LaTeX Font Info:    Checking defaults for OML/cmm/m/it on input line 89.
LaTeX Font Info:    ... okay on input line 89.
LaTeX Font Info:    Checking defaults for OMS/cmsy/m/n on input line 89.
LaTeX Font Info:    ... okay on input line 89.
LaTeX Font Info:    Checking defaults for OT1/cmr/m/n on input line 89.
LaTeX Font Info:    ... okay on input line 89.
LaTeX Font Info:    Checking defaults for T1/cmr/m/n on input line 89.
LaTeX Font Info:    ... okay on input line 89.
LaTeX Font Info:    Checking defaults for TS1/cmr/m/n on input line 89.
LaTeX Font Info:    ... okay on input line 89.
LaTeX Font Info:    Checking defaults for OMX/cmex/m/n on input line 89.
LaTeX Font Info:    ... okay on input line 89.
LaTeX Font Info:    Checking defaults for U/cmr/m/n on input line 89.
LaTeX Font Info:    ... okay on input line 89.
LaTeX Info: Redefining \. on input line 89.
LaTeX Info: Redefining \% on input line 89.

*geometry* driver: auto-detecting
*geometry* detected driver: pdftex
*geometry* verbose mode - [ preamble ] result:
* driver: pdftex
* paper: a4paper
* layout: <same size as paper>
* layoutoffset:(h,v)=(0.0pt,0.0pt)
* modes: twoside 
* h-part:(L,W,R)=(71.70166pt, 418.25368pt, 107.55254pt)
* v-part:(T,H,B)=(101.40665pt, 591.5302pt, 152.11pt)
* \paperwidth=597.50787pt
* \paperheight=845.04684pt
* \textwidth=418.25368pt
* \textheight=591.5302pt
* \oddsidemargin=-0.56833pt
* \evensidemargin=35.28255pt
* \topmargin=-2.73714pt
* \headheight=12.0pt
* \headsep=19.8738pt
* \topskip=12.0pt
* \footskip=30.0pt
* \marginparwidth=88.0pt
* \marginparsep=7.0pt
* \columnsep=10.0pt
* \skip\footins=10.8pt plus 4.0pt minus 2.0pt
* \hoffset=0.0pt
* \voffset=0.0pt
* \mag=1000
* \@twocolumnfalse
* \@twosidetrue
* \@mparswitchtrue
* \@reversemarginfalse
* (1in=72.27pt=25.4mm, 1cm=28.453pt)

(/usr/share/texlive/texmf-dist/tex/context/base/mkii/supp-pdf.mkii
[Loading MPS to PDF converter (version 2006.09.02).]
\scratchcounter=\count291
\scratchdimen=\dimen181
\scratchbox=\box55
\nofMPsegments=\count292
\nofMParguments=\count293
\everyMPshowfont=\toks30
\MPscratchCnt=\count294
\MPscratchDim=\dimen182
\MPnumerator=\count295
\makeMPintoPDFobject=\count296
\everyMPtoPDFconversion=\toks31
) (/usr/share/texlive/texmf-dist/tex/latex/epstopdf-pkg/epstopdf-base.sty
Package: epstopdf-base 2020-01-24 v2.11 Base part for package epstopdf
Package epstopdf-base Info: Redefining graphics rule for `.eps' on input line 4
85.

(/usr/share/texlive/texmf-dist/tex/latex/latexconfig/epstopdf-sys.cfg
File: epstopdf-sys.cfg 2010/07/13 v1.3 Configuration of (r)epstopdf for TeX Liv
e
))
Package caption Info: Begin \AtBeginDocument code.
Package caption Info: subfig package v1.3 is loaded.
Package caption Info: longtable package is loaded.

(/usr/share/texlive/texmf-dist/tex/latex/caption/ltcaption.sty
Package: ltcaption 2020/05/30 v1.4b longtable captions (AR)
)
Package caption Info: wrapfig package is loaded.
Package caption Info: End \AtBeginDocument code.

Package chemgreek Info: Activating mapping `default' on line 89.


(./caratula/caratula.tex
Package epstopdf Info: Source file: </home/usuario/Escritorio/phD/escritura/fig
/unc.eps>
(epstopdf)                    date: 2020-05-20 13:11:20
(epstopdf)                    size: 356998 bytes
(epstopdf)             Output file: </home/usuario/Escritorio/phD/escritura/fig
/unc-eps-converted-to.pdf>
(epstopdf)                    date: 2020-05-20 20:00:12
(epstopdf)                    size: 21248 bytes
(epstopdf)             Command: <repstopdf --outfile=/home/usuario/Escritorio/p
hD/escritura/fig/unc-eps-converted-to.pdf /home/usuario/Escritorio/phD/escritur
a/fig/unc.eps>
(epstopdf)             \includegraphics on input line 46.
Package epstopdf Info: Output file is already uptodate.
</home/usuario/Escritorio/phD/escritura/fig/unc-eps-converted-to.pdf, id=1, 341
.275pt x 170.6375pt>
File: /home/usuario/Escritorio/phD/escritura/fig/unc-eps-converted-to.pdf Graph
ic file (type pdf)
<use /home/usuario/Escritorio/phD/escritura/fig/unc-eps-converted-to.pdf>
Package pdftex.def Info: /home/usuario/Escritorio/phD/escritura/fig/unc-eps-con
verted-to.pdf  used on input line 46.
(pdftex.def)             Requested size: 142.26378pt x 71.13348pt.
Package epstopdf Info: Source file: </home/usuario/Escritorio/phD/escritura/fig
/fcq.eps>
(epstopdf)                    date: 2020-05-20 19:59:48
(epstopdf)                    size: 1066722 bytes
(epstopdf)             Output file: </home/usuario/Escritorio/phD/escritura/fig
/fcq-eps-converted-to.pdf>
(epstopdf)                    date: 2020-05-20 20:00:13
(epstopdf)                    size: 30852 bytes
(epstopdf)             Command: <repstopdf --outfile=/home/usuario/Escritorio/p
hD/escritura/fig/fcq-eps-converted-to.pdf /home/usuario/Escritorio/phD/escritur
a/fig/fcq.eps>
(epstopdf)             \includegraphics on input line 48.
Package epstopdf Info: Output file is already uptodate.
</home/usuario/Escritorio/phD/escritura/fig/fcq-eps-converted-to.pdf, id=2, 513
.92pt x 342.27875pt>
File: /home/usuario/Escritorio/phD/escritura/fig/fcq-eps-converted-to.pdf Graph
ic file (type pdf)
<use /home/usuario/Escritorio/phD/escritura/fig/fcq-eps-converted-to.pdf>
Package pdftex.def Info: /home/usuario/Escritorio/phD/escritura/fig/fcq-eps-con
verted-to.pdf  used on input line 48.
(pdftex.def)             Requested size: 142.26378pt x 94.75105pt.


! Package inputenc Error: Unicode character ́ (U+0301)
(inputenc)                not set up for use with LaTeX.

See the inputenc package documentation for explanation.
Type  H <return>  for immediate help.
 ...                                              
                                                  
l.60 optar al grado de Doctor en Ciencias Quı́
                                                micas\\
? 
[1


{/var/lib/texmf/fonts/map/pdftex/updmap/pdftex.map} </home/usuario/Escritorio/p
hD/escritura/fig/unc-eps-converted-to.pdf> </home/usuario/Escritorio/phD/escrit
ura/fig/fcq-eps-converted-to.pdf>]) (./comision/comision.tex [2

]) [3]
[4

] (./main.toc
LaTeX Info: Redefining \. on input line 1.
LaTeX Info: Redefining \% on input line 1.


LaTeX Font Warning: Font shape `OT1/cmr/bx/sc' undefined
(Font)              using `OT1/cmr/bx/n' instead on input line 2.


Package spanish Warning: Replacing `OT1/cmr/bx/sc' by 
(spanish)                faked small caps on input line 2.

LaTeX Font Info:    Trying to load font information for U+msa on input line 5.
(/usr/share/texlive/texmf-dist/tex/latex/amsfonts/umsa.fd
File: umsa.fd 2013/01/14 v3.01 AMS symbols A
)
LaTeX Font Info:    Trying to load font information for U+msb on input line 5.

(/usr/share/texlive/texmf-dist/tex/latex/amsfonts/umsb.fd
File: umsb.fd 2013/01/14 v3.01 AMS symbols B
) [5])
\tf@toc=\write3
\openout3 = `main.toc'.

 [6] (./main.lot
LaTeX Info: Redefining \. on input line 1.
LaTeX Info: Redefining \% on input line 1.

Overfull \hbox (2.04881pt too wide) in paragraph at lines 6--6
 [][] []\OT1/cmr/m/n/12 Energ^^S^^Pas de ab-sor-ci^^Son (\OT1/cmr/bx/sc/12 E$[]
$\OT1/cmr/m/n/12 ) pa-ra las ex-ci-ta-cio-nes de m^^Sas ba-ja energ^^S^^Pa 
 []

)
\tf@lot=\write4
\openout4 = `main.lot'.

 [7

] [8

] (./main.lof
LaTeX Info: Redefining \. on input line 1.
LaTeX Info: Redefining \% on input line 1.

Overfull \hbox (1.70453pt too wide) in paragraph at lines 16--16
 [][] []\OT1/cmr/m/n/12 Evoluci^^Son de la car-ga du-ran-te las si-mu-la-cio-ne
s de in-yec-ci^^Son electr^^Soni- 
 []

)
\tf@lof=\write5
\openout5 = `main.lof'.

 (./simbolos/simbolos.tex [9

] [10

]
Underfull \hbox (badness 2970) in paragraph at lines 27--28
[]|\OT1/cmr/m/it/12 Real-Time Time-Dependent Den-sity Fun-ctio-nal Tight-Bindin
g
 []


Overfull \hbox (22.07448pt too wide) in alignment at lines 9--30
 [] [] 
 []

) (./resumen/resumen.tex [11] [12

]) (./cap1/cap1.tex [1]
LaTeX Info: Redefining \. on input line 1.
LaTeX Info: Redefining \% on input line 1.


Package Fancyhdr Warning: \headheight is too small (12.0pt): 
Make it at least 15.71667pt.
We now make it that large for the rest of the document.
This may cause the page layout to be inconsistent, however.

[2

]
Cap\'{\i }tulo 1.
) (./cap2/cap2.tex [3]
LaTeX Info: Redefining \. on input line 1.
LaTeX Info: Redefining \% on input line 1.
 [4

]
Cap\'{\i }tulo 2.
) (./cap3/cap3.tex [5]
LaTeX Info: Redefining \. on input line 1.
LaTeX Info: Redefining \% on input line 1.
 [6

]
Cap\'{\i }tulo 3.
) (./cap4/cap4.tex [7]
LaTeX Info: Redefining \. on input line 1.
LaTeX Info: Redefining \% on input line 1.


Package Fancyhdr Warning: \headheight is too small (15.71667pt): 
Make it at least 30.21667pt.
We now make it that large for the rest of the document.
This may cause the page layout to be inconsistent, however.

[8

]
Cap\'{\i }tulo 4.
Package epstopdf Info: Source file: <cap4/figs/fig_1_a_TUN_1.eps>
(epstopdf)                    date: 2021-08-17 18:57:14
(epstopdf)                    size: 82845 bytes
(epstopdf)             Output file: <cap4/figs/fig_1_a_TUN_1-eps-converted-to.p
df>
(epstopdf)                    date: 2021-08-17 18:57:14
(epstopdf)                    size: 19801 bytes
(epstopdf)             Command: <repstopdf --outfile=cap4/figs/fig_1_a_TUN_1-ep
s-converted-to.pdf cap4/figs/fig_1_a_TUN_1.eps>
(epstopdf)             \includegraphics on input line 11.
Package epstopdf Info: Output file is already uptodate.
<cap4/figs/fig_1_a_TUN_1-eps-converted-to.pdf, id=86, 390.45876pt x 426.59375pt
>
File: cap4/figs/fig_1_a_TUN_1-eps-converted-to.pdf Graphic file (type pdf)
<use cap4/figs/fig_1_a_TUN_1-eps-converted-to.pdf>
Package pdftex.def Info: cap4/figs/fig_1_a_TUN_1-eps-converted-to.pdf  used on 
input line 11.
(pdftex.def)             Requested size: 182.30022pt x 199.16928pt.
Package epstopdf Info: Source file: <cap4/figs/fig_1_b_TUN_1.eps>
(epstopdf)                    date: 2021-08-17 18:57:14
(epstopdf)                    size: 82252 bytes
(epstopdf)             Output file: <cap4/figs/fig_1_b_TUN_1-eps-converted-to.p
df>
(epstopdf)                    date: 2021-08-17 18:57:14
(epstopdf)                    size: 21614 bytes
(epstopdf)             Command: <repstopdf --outfile=cap4/figs/fig_1_b_TUN_1-ep
s-converted-to.pdf cap4/figs/fig_1_b_TUN_1.eps>
(epstopdf)             \includegraphics on input line 12.
Package epstopdf Info: Output file is already uptodate.
<cap4/figs/fig_1_b_TUN_1-eps-converted-to.pdf, id=87, 385.44pt x 426.59375pt>
File: cap4/figs/fig_1_b_TUN_1-eps-converted-to.pdf Graphic file (type pdf)
<use cap4/figs/fig_1_b_TUN_1-eps-converted-to.pdf>
Package pdftex.def Info: cap4/figs/fig_1_b_TUN_1-eps-converted-to.pdf  used on 
input line 12.
(pdftex.def)             Requested size: 179.95703pt x 199.16928pt.
[9]
LaTeX Info: Redefining \. on input line 23.
LaTeX Info: Redefining \% on input line 23.
 [10 <./cap4/figs/fig_1_a_TUN_1-eps-converted-to.pdf> <./cap4/figs/fig_1_b_TUN_
1-eps-converted-to.pdf>]
Package epstopdf Info: Source file: <cap4/figs/tpa_coords.eps>
(epstopdf)                    date: 2021-08-17 18:57:14
(epstopdf)                    size: 162672 bytes
(epstopdf)             Output file: <cap4/figs/tpa_coords-eps-converted-to.pdf>

(epstopdf)                    date: 2021-08-17 18:57:14
(epstopdf)                    size: 52934 bytes
(epstopdf)             Command: <repstopdf --outfile=cap4/figs/tpa_coords-eps-c
onverted-to.pdf cap4/figs/tpa_coords.eps>
(epstopdf)             \includegraphics on input line 29.
Package epstopdf Info: Output file is already uptodate.
<cap4/figs/tpa_coords-eps-converted-to.pdf, id=101, 464.73625pt x 481.8pt>
File: cap4/figs/tpa_coords-eps-converted-to.pdf Graphic file (type pdf)
<use cap4/figs/tpa_coords-eps-converted-to.pdf>
Package pdftex.def Info: cap4/figs/tpa_coords-eps-converted-to.pdf  used on inp
ut line 29.
(pdftex.def)             Requested size: 209.12683pt x 216.80063pt.
 [11 <./cap4/figs/tpa_coords-eps-converted-to.pdf>]
Package epstopdf Info: Source file: <cap4/figs/fig_3_a.eps>
(epstopdf)                    date: 2021-08-17 18:57:14
(epstopdf)                    size: 48907 bytes
(epstopdf)             Output file: <cap4/figs/fig_3_a-eps-converted-to.pdf>
(epstopdf)                    date: 2021-08-17 18:57:14
(epstopdf)                    size: 6722 bytes
(epstopdf)             Command: <repstopdf --outfile=cap4/figs/fig_3_a-eps-conv
erted-to.pdf cap4/figs/fig_3_a.eps>
(epstopdf)             \includegraphics on input line 46.
Package epstopdf Info: Output file is already uptodate.
<cap4/figs/fig_3_a-eps-converted-to.pdf, id=107, 557.08125pt x 386.44376pt>
File: cap4/figs/fig_3_a-eps-converted-to.pdf Graphic file (type pdf)
<use cap4/figs/fig_3_a-eps-converted-to.pdf>
Package pdftex.def Info: cap4/figs/fig_3_a-eps-converted-to.pdf  used on input 
line 46.
(pdftex.def)             Requested size: 125.47737pt x 87.04044pt.
Package epstopdf Info: Source file: <cap4/figs/fig_3_b.eps>
(epstopdf)                    date: 2021-08-17 18:57:14
(epstopdf)                    size: 39677 bytes
(epstopdf)             Output file: <cap4/figs/fig_3_b-eps-converted-to.pdf>
(epstopdf)                    date: 2021-08-17 18:57:14
(epstopdf)                    size: 4759 bytes
(epstopdf)             Command: <repstopdf --outfile=cap4/figs/fig_3_b-eps-conv
erted-to.pdf cap4/figs/fig_3_b.eps>
(epstopdf)             \includegraphics on input line 51.
Package epstopdf Info: Output file is already uptodate.
<cap4/figs/fig_3_b-eps-converted-to.pdf, id=108, 557.08125pt x 571.13374pt>
File: cap4/figs/fig_3_b-eps-converted-to.pdf Graphic file (type pdf)
<use cap4/figs/fig_3_b-eps-converted-to.pdf>
Package pdftex.def Info: cap4/figs/fig_3_b-eps-converted-to.pdf  used on input 
line 51.
(pdftex.def)             Requested size: 62.73549pt x 64.31512pt.
Package epstopdf Info: Source file: <cap4/figs/fig_3_c.eps>
(epstopdf)                    date: 2021-08-17 18:57:14
(epstopdf)                    size: 79809 bytes
(epstopdf)             Output file: <cap4/figs/fig_3_c-eps-converted-to.pdf>
(epstopdf)                    date: 2021-08-17 18:57:14
(epstopdf)                    size: 15721 bytes
(epstopdf)             Command: <repstopdf --outfile=cap4/figs/fig_3_c-eps-conv
erted-to.pdf cap4/figs/fig_3_c.eps>
(epstopdf)             \includegraphics on input line 56.
Package epstopdf Info: Output file is already uptodate.
<cap4/figs/fig_3_c-eps-converted-to.pdf, id=109, 557.08125pt x 294.09875pt>
File: cap4/figs/fig_3_c-eps-converted-to.pdf Graphic file (type pdf)
<use cap4/figs/fig_3_c-eps-converted-to.pdf>
Package pdftex.def Info: cap4/figs/fig_3_c-eps-converted-to.pdf  used on input 
line 56.
(pdftex.def)             Requested size: 334.60422pt x 176.64908pt.

Underfull \vbox (badness 10000) has occurred while \output is active []

LaTeX Info: Redefining \. on input line 82.
LaTeX Info: Redefining \% on input line 82.
 [12 <./cap4/figs/fig_3_a-eps-converted-to.pdf> <./cap4/figs/fig_3_b-eps-conver
ted-to.pdf> <./cap4/figs/fig_3_c-eps-converted-to.pdf>]
Package epstopdf Info: Source file: <cap4/figs/spec_alz.eps>
(epstopdf)                    date: 2021-08-17 18:57:14
(epstopdf)                    size: 235239 bytes
(epstopdf)             Output file: <cap4/figs/spec_alz-eps-converted-to.pdf>
(epstopdf)                    date: 2021-08-17 18:57:14
(epstopdf)                    size: 51268 bytes
(epstopdf)             Command: <repstopdf --outfile=cap4/figs/spec_alz-eps-con
verted-to.pdf cap4/figs/spec_alz.eps>
(epstopdf)             \includegraphics on input line 97.
Package epstopdf Info: Output file is already uptodate.
<cap4/figs/spec_alz-eps-converted-to.pdf, id=116, 546.04pt x 545.03625pt>
File: cap4/figs/spec_alz-eps-converted-to.pdf Graphic file (type pdf)
<use cap4/figs/spec_alz-eps-converted-to.pdf>
Package pdftex.def Info: cap4/figs/spec_alz-eps-converted-to.pdf  used on input
 line 97.
(pdftex.def)             Requested size: 142.20471pt x 141.93895pt.
Package epstopdf Info: Source file: <cap4/figs/spec_cat.eps>
(epstopdf)                    date: 2021-08-17 18:57:14
(epstopdf)                    size: 243587 bytes
(epstopdf)             Output file: <cap4/figs/spec_cat-eps-converted-to.pdf>
(epstopdf)                    date: 2021-08-17 18:57:14
(epstopdf)                    size: 55740 bytes
(epstopdf)             Command: <repstopdf --outfile=cap4/figs/spec_cat-eps-con
verted-to.pdf cap4/figs/spec_cat.eps>
(epstopdf)             \includegraphics on input line 101.
Package epstopdf Info: Output file is already uptodate.
<cap4/figs/spec_cat-eps-converted-to.pdf, id=117, 546.04pt x 545.03625pt>
File: cap4/figs/spec_cat-eps-converted-to.pdf Graphic file (type pdf)
<use cap4/figs/spec_cat-eps-converted-to.pdf>
Package pdftex.def Info: cap4/figs/spec_cat-eps-converted-to.pdf  used on input
 line 101.
(pdftex.def)             Requested size: 142.20471pt x 141.93895pt.
Package epstopdf Info: Source file: <cap4/figs/spec_fsd101.eps>
(epstopdf)                    date: 2021-08-17 18:57:14
(epstopdf)                    size: 258522 bytes
(epstopdf)             Output file: <cap4/figs/spec_fsd101-eps-converted-to.pdf
>
(epstopdf)                    date: 2021-08-17 18:57:14
(epstopdf)                    size: 63453 bytes
(epstopdf)             Command: <repstopdf --outfile=cap4/figs/spec_fsd101-eps-
converted-to.pdf cap4/figs/spec_fsd101.eps>
(epstopdf)             \includegraphics on input line 105.
Package epstopdf Info: Output file is already uptodate.
<cap4/figs/spec_fsd101-eps-converted-to.pdf, id=118, 546.04pt x 545.03625pt>
File: cap4/figs/spec_fsd101-eps-converted-to.pdf Graphic file (type pdf)
<use cap4/figs/spec_fsd101-eps-converted-to.pdf>
Package pdftex.def Info: cap4/figs/spec_fsd101-eps-converted-to.pdf  used on in
put line 105.
(pdftex.def)             Requested size: 142.20471pt x 141.93895pt.

Overfull \hbox (20.11034pt too wide) in paragraph at lines 97--106
 [][][][] 
 []

LaTeX Info: Redefining \. on input line 111.
LaTeX Info: Redefining \% on input line 111.
[13]
Package epstopdf Info: Source file: <cap4/figs/cargas_alz.eps>
(epstopdf)                    date: 2021-08-17 18:57:14
(epstopdf)                    size: 456531 bytes
(epstopdf)             Output file: <cap4/figs/cargas_alz-eps-converted-to.pdf>

(epstopdf)                    date: 2021-08-17 18:57:14
(epstopdf)                    size: 91100 bytes
(epstopdf)             Command: <repstopdf --outfile=cap4/figs/cargas_alz-eps-c
onverted-to.pdf cap4/figs/cargas_alz.eps>
(epstopdf)             \includegraphics on input line 124.
Package epstopdf Info: Output file is already uptodate.
<cap4/figs/cargas_alz-eps-converted-to.pdf, id=123, 592.2125pt x 559.08875pt>
File: cap4/figs/cargas_alz-eps-converted-to.pdf Graphic file (type pdf)
<use cap4/figs/cargas_alz-eps-converted-to.pdf>
Package pdftex.def Info: cap4/figs/cargas_alz-eps-converted-to.pdf  used on inp
ut line 124.
(pdftex.def)             Requested size: 142.20471pt x 134.25227pt.
Package epstopdf Info: Source file: <cap4/figs/cargas_cat.eps>
(epstopdf)                    date: 2021-08-17 18:57:14
(epstopdf)                    size: 544339 bytes
(epstopdf)             Output file: <cap4/figs/cargas_cat-eps-converted-to.pdf>

(epstopdf)                    date: 2021-08-17 18:57:14
(epstopdf)                    size: 110658 bytes
(epstopdf)             Command: <repstopdf --outfile=cap4/figs/cargas_cat-eps-c
onverted-to.pdf cap4/figs/cargas_cat.eps>
(epstopdf)             \includegraphics on input line 128.
Package epstopdf Info: Output file is already uptodate.
<cap4/figs/cargas_cat-eps-converted-to.pdf, id=124, 592.2125pt x 559.08875pt>
File: cap4/figs/cargas_cat-eps-converted-to.pdf Graphic file (type pdf)
<use cap4/figs/cargas_cat-eps-converted-to.pdf>
Package pdftex.def Info: cap4/figs/cargas_cat-eps-converted-to.pdf  used on inp
ut line 128.
(pdftex.def)             Requested size: 142.20471pt x 134.25227pt.
Package epstopdf Info: Source file: <cap4/figs/cargas_fsd101.eps>
(epstopdf)                    date: 2021-08-17 18:57:14
(epstopdf)                    size: 508149 bytes
(epstopdf)             Output file: <cap4/figs/cargas_fsd101-eps-converted-to.p
df>
(epstopdf)                    date: 2021-08-17 18:57:14
(epstopdf)                    size: 101328 bytes
(epstopdf)             Command: <repstopdf --outfile=cap4/figs/cargas_fsd101-ep
s-converted-to.pdf cap4/figs/cargas_fsd101.eps>
(epstopdf)             \includegraphics on input line 132.
Package epstopdf Info: Output file is already uptodate.
<cap4/figs/cargas_fsd101-eps-converted-to.pdf, id=125, 592.2125pt x 559.08875pt
>
File: cap4/figs/cargas_fsd101-eps-converted-to.pdf Graphic file (type pdf)
<use cap4/figs/cargas_fsd101-eps-converted-to.pdf>
Package pdftex.def Info: cap4/figs/cargas_fsd101-eps-converted-to.pdf  used on 
input line 132.
(pdftex.def)             Requested size: 142.20471pt x 134.25227pt.

Overfull \hbox (20.11034pt too wide) in paragraph at lines 124--133
 [][][][] 
 []

LaTeX Info: Redefining \. on input line 138.
LaTeX Info: Redefining \% on input line 138.
[14 <./cap4/figs/spec_alz-eps-converted-to.pdf> <./cap4/figs/spec_cat-eps-conve
rted-to.pdf> <./cap4/figs/spec_fsd101-eps-converted-to.pdf>]
Package epstopdf Info: Source file: <cap4/figs/imagen1.eps>
(epstopdf)                    date: 2021-08-18 15:45:12
(epstopdf)                    size: 41249 bytes
(epstopdf)             Output file: <cap4/figs/imagen1-eps-converted-to.pdf>
(epstopdf)                    date: 2021-08-18 15:46:43
(epstopdf)                    size: 32357 bytes
(epstopdf)             Command: <repstopdf --outfile=cap4/figs/imagen1-eps-conv
erted-to.pdf cap4/figs/imagen1.eps>
(epstopdf)             \includegraphics on input line 147.
Package epstopdf Info: Output file is already uptodate.
<cap4/figs/imagen1-eps-converted-to.pdf, id=135, 545.03625pt x 544.0325pt>
File: cap4/figs/imagen1-eps-converted-to.pdf Graphic file (type pdf)
<use cap4/figs/imagen1-eps-converted-to.pdf>
Package pdftex.def Info: cap4/figs/imagen1-eps-converted-to.pdf  used on input 
line 147.
(pdftex.def)             Requested size: 188.21288pt x 187.86574pt.
Package epstopdf Info: Source file: <cap4/figs/imagen2.eps>
(epstopdf)                    date: 2021-08-18 15:46:05
(epstopdf)                    size: 39563 bytes
(epstopdf)             Output file: <cap4/figs/imagen2-eps-converted-to.pdf>
(epstopdf)                    date: 2021-08-18 15:46:43
(epstopdf)                    size: 30158 bytes
(epstopdf)             Command: <repstopdf --outfile=cap4/figs/imagen2-eps-conv
erted-to.pdf cap4/figs/imagen2.eps>
(epstopdf)             \includegraphics on input line 151.
Package epstopdf Info: Output file is already uptodate.
<cap4/figs/imagen2-eps-converted-to.pdf, id=136, 542.025pt x 548.0475pt>
File: cap4/figs/imagen2-eps-converted-to.pdf Graphic file (type pdf)
<use cap4/figs/imagen2-eps-converted-to.pdf>
Package pdftex.def Info: cap4/figs/imagen2-eps-converted-to.pdf  used on input 
line 151.
(pdftex.def)             Requested size: 188.21288pt x 190.30588pt.
Package epstopdf Info: Source file: <cap4/figs/imagen3.eps>
(epstopdf)                    date: 2021-08-18 15:46:34
(epstopdf)                    size: 45469 bytes
(epstopdf)             Output file: <cap4/figs/imagen3-eps-converted-to.pdf>
(epstopdf)                    date: 2021-08-18 15:46:43
(epstopdf)                    size: 36434 bytes
(epstopdf)             Command: <repstopdf --outfile=cap4/figs/imagen3-eps-conv
erted-to.pdf cap4/figs/imagen3.eps>
(epstopdf)             \includegraphics on input line 156.
Package epstopdf Info: Output file is already uptodate.
<cap4/figs/imagen3-eps-converted-to.pdf, id=137, 545.03625pt x 536.0025pt>
File: cap4/figs/imagen3-eps-converted-to.pdf Graphic file (type pdf)
<use cap4/figs/imagen3-eps-converted-to.pdf>
Package pdftex.def Info: cap4/figs/imagen3-eps-converted-to.pdf  used on input 
line 156.
(pdftex.def)             Requested size: 188.21288pt x 185.0928pt.
LaTeX Info: Redefining \. on input line 167.
LaTeX Info: Redefining \% on input line 167.
 [15 <./cap4/figs/cargas_alz-eps-converted-to.pdf> <./cap4/figs/cargas_cat-eps-
converted-to.pdf> <./cap4/figs/cargas_fsd101-eps-converted-to.pdf>]
Underfull \vbox (badness 10000) has occurred while \output is active []

LaTeX Info: Redefining \. on input line 167.
LaTeX Info: Redefining \% on input line 167.
 [16 <./cap4/figs/imagen1-eps-converted-to.pdf> <./cap4/figs/imagen2-eps-conver
ted-to.pdf> <./cap4/figs/imagen3-eps-converted-to.pdf>]
Underfull \vbox (badness 4303) has occurred while \output is active []

LaTeX Info: Redefining \. on input line 179.
LaTeX Info: Redefining \% on input line 179.
 [17]
Package epstopdf Info: Source file: <cap4/figs/rta_lineal.eps>
(epstopdf)                    date: 2021-08-17 18:57:14
(epstopdf)                    size: 386490 bytes
(epstopdf)             Output file: <cap4/figs/rta_lineal-eps-converted-to.pdf>

(epstopdf)                    date: 2021-08-17 18:57:14
(epstopdf)                    size: 63894 bytes
(epstopdf)             Command: <repstopdf --outfile=cap4/figs/rta_lineal-eps-c
onverted-to.pdf cap4/figs/rta_lineal.eps>
(epstopdf)             \includegraphics on input line 189.
Package epstopdf Info: Output file is already uptodate.
<cap4/figs/rta_lineal-eps-converted-to.pdf, id=177, 576.1525pt x 534.99875pt>
File: cap4/figs/rta_lineal-eps-converted-to.pdf Graphic file (type pdf)
<use cap4/figs/rta_lineal-eps-converted-to.pdf>
Package pdftex.def Info: cap4/figs/rta_lineal-eps-converted-to.pdf  used on inp
ut line 189.
(pdftex.def)             Requested size: 245.1297pt x 227.62204pt.


LaTeX Warning: `!h' float specifier changed to `!ht'.

LaTeX Info: Redefining \. on input line 196.
LaTeX Info: Redefining \% on input line 196.
[18]
LaTeX Info: Redefining \. on input line 198.
LaTeX Info: Redefining \% on input line 198.
 [19 <./cap4/figs/rta_lineal-eps-converted-to.pdf>] (./main.bbl
LaTeX Info: Redefining \. on input line 31.
LaTeX Info: Redefining \% on input line 31.
 [20]
LaTeX Info: Redefining \. on input line 98.
LaTeX Info: Redefining \% on input line 98.

[21]
LaTeX Info: Redefining \. on input line 162.
LaTeX Info: Redefining \% on input line 162.
 [22]
Underfull \hbox (badness 1975) in paragraph at lines 164--168
\OT1/cmr/m/n/12 Synthe-sis and cha-rac-te-ri-za-tion of or-ga-nic dyes bea-ring
 new electron-
 []

LaTeX Info: Redefining \. on input line 222.
LaTeX Info: Redefining \% on input line 222.
[23]
Underfull \hbox (badness 3039) in paragraph at lines 243--247
[]\OT1/cmr/m/n/12 Ana Mo-ran-dei-ra, Ge-rrit Bos-chloo, An-ders Hag-feldt, and 
Leif Ham-
 []

LaTeX Info: Redefining \. on input line 282.
LaTeX Info: Redefining \% on input line 282.
[24]
LaTeX Info: Redefining \. on input line 340.
LaTeX Info: Redefining \% on input line 340.
 [25])) (./cap5/cap5.tex
LaTeX Info: Redefining \. on input line 1.
LaTeX Info: Redefining \% on input line 1.
 [26]
Cap\'{\i }tulo 5.
) (./cap6/cap6.tex [27

]
LaTeX Info: Redefining \. on input line 1.
LaTeX Info: Redefining \% on input line 1.
 [28

]
Cap\'{\i }tulo 6.
) (./cap7/cap7.tex [29]
LaTeX Info: Redefining \. on input line 1.
LaTeX Info: Redefining \% on input line 1.
 [30

]
Cap\'{\i }tulo 7.
) [31] (./main.aux
LaTeX Info: Redefining \. on input line 8.
LaTeX Info: Redefining \% on input line 8.
)

LaTeX Font Warning: Some font shapes were not available, defaults substituted.

 ) 
Here is how much of TeX's memory you used:
 8533 strings out of 480906
 136471 string characters out of 5910772
 428400 words of memory out of 5000000
 23927 multiletter control sequences out of 15000+600000
 559107 words of font info for 116 fonts, out of 8000000 for 9000
 1141 hyphenation exceptions out of 8191
 47i,14n,52p,2540b,776s stack positions out of 5000i,500n,10000p,200000b,80000s
{/usr/share/texmf/fonts/enc/dvips/cm-super/cm-super-ts1.enc}</usr/share/texli
ve/texmf-dist/fonts/type1/public/amsfonts/cm/cmbx10.pfb></usr/share/texlive/tex
mf-dist/fonts/type1/public/amsfonts/cm/cmbx12.pfb></usr/share/texlive/texmf-dis
t/fonts/type1/public/amsfonts/cm/cmbx8.pfb></usr/share/texlive/texmf-dist/fonts
/type1/public/amsfonts/cm/cmcsc10.pfb></usr/share/texlive/texmf-dist/fonts/type
1/public/amsfonts/cm/cmmi10.pfb></usr/share/texlive/texmf-dist/fonts/type1/publ
ic/amsfonts/cm/cmmi12.pfb></usr/share/texlive/texmf-dist/fonts/type1/public/ams
fonts/cm/cmmi8.pfb></usr/share/texlive/texmf-dist/fonts/type1/public/amsfonts/c
m/cmr10.pfb></usr/share/texlive/texmf-dist/fonts/type1/public/amsfonts/cm/cmr12
.pfb></usr/share/texlive/texmf-dist/fonts/type1/public/amsfonts/cm/cmr17.pfb></
usr/share/texlive/texmf-dist/fonts/type1/public/amsfonts/cm/cmr7.pfb></usr/shar
e/texlive/texmf-dist/fonts/type1/public/amsfonts/cm/cmr8.pfb></usr/share/texliv
e/texmf-dist/fonts/type1/public/amsfonts/cm/cmsl12.pfb></usr/share/texlive/texm
f-dist/fonts/type1/public/amsfonts/cm/cmsy10.pfb></usr/share/texlive/texmf-dist
/fonts/type1/public/amsfonts/cm/cmsy8.pfb></usr/share/texlive/texmf-dist/fonts/
type1/public/amsfonts/cm/cmti12.pfb></usr/share/texmf/fonts/type1/public/cm-sup
er/sfbx1728.pfb></usr/share/texmf/fonts/type1/public/cm-super/sfrm1200.pfb>
Output written on main.pdf (43 pages, 1013103 bytes).
PDF statistics:
 287 PDF objects out of 1000 (max. 8388607)
 173 compressed objects within 2 object streams
 0 named destinations out of 1000 (max. 500000)
 91 words of extra memory for PDF output out of 10000 (max. 10000000)

